<?xml version="1.0" encoding="UTF-8"?>
<testsuite xmlns:xsi="http://www.w3.org/2001/XMLSchema-instance" xsi:noNamespaceSchemaLocation="https://maven.apache.org/surefire/maven-surefire-plugin/xsd/surefire-test-report-3.0.xsd" version="3.0" name="TestSuite" time="6.057" tests="1" errors="0" skipped="0" failures="0">
  <properties>
[...]
</properties>
  <testcase name="runScenario[&quot;Verify tax rates are displayed based on selected country&quot;, &quot;VAT Calculator Functionality&quot;](1)" classname="runners.TestRunner" time="5.31">
    <system-out><![CDATA[
@TestCase1 @Regression
Scenario Outline: Verify tax rates are displayed based on selected country # src/test/resources/features/vatcalculator.feature:11
Starting scenario: Verify tax rates are displayed based on selected country
Cookie consent not found or already accepted.
  Given User navigate to the VAT calculator page                           # stepDefinitions.VATCalculatorSteps.navigateToVATCaclculatorUrl()
  When User selects "Portugal" as the country                              # stepDefinitions.VATCalculatorSteps.userSelectsCountry(java.lang.String)
  Then User should see "6,13,23" as available tax rates                    # stepDefinitions.VATCalculatorSteps.availableTaxRateValidation(java.lang.String)
Finished scenario: Verify tax rates are displayed based on selected country
]]></system-out>
    <system-err><![CDATA[SLF4J: Failed to load class "org.slf4j.impl.StaticLoggerBinder".
SLF4J: Defaulting to no-operation (NOP) logger implementation
SLF4J: See http://www.slf4j.org/codes.html#StaticLoggerBinder for further details.
Jun 29, 2025 9:11:31 PM org.openqa.selenium.devtools.CdpVersionFinder findNearestMatch
WARNING: Unable to find CDP implementation matching 138
Jun 29, 2025 9:11:31 PM org.openqa.selenium.chromium.ChromiumDriver lambda$new$5
WARNING: Unable to find version of CDP to use for 138.0.7204.50. You may need to include a dependency on a specific version of the CDP using something similar to `org.seleniumhq.selenium:selenium-devtools-v86:4.15.0` where the version ("v86") matches the version of the chromium-based browser you're using and the version number of the artifact is the same as Selenium's.
]]></system-err>
  </testcase>
</testsuite>