<?xml version="1.0" encoding="UTF-8"?>
<testng-results ignored="0" total="7" passed="6" failed="1" skipped="0">
  <reporter-output>
  </reporter-output>
  <suite started-at="2025-06-29T21:31:04 WEST" name="VAT Calculator Test Suite" finished-at="2025-06-29T21:31:33 WEST" duration-ms="29830">
    <groups>
      <group name="cucumber">
        <method signature="AbstractTestNGCucumberTests.runScenario(io.cucumber.testng.PickleWrapper,io.cucumber.testng.FeatureWrapper)[pri:0, instance:runners.TestRunner@515aebb0]" name="runScenario" class="io.cucumber.testng.AbstractTestNGCucumberTests"/>
      </group> <!-- cucumber -->
    </groups>
    <test started-at="2025-06-29T21:31:04 WEST" name="VAT Calculator Regression Test Execution" finished-at="2025-06-29T21:31:33 WEST" duration-ms="29830">
      <class name="runners.TestRunner">
        <test-method is-config="true" signature="setUpClass(org.testng.ITestContext)[pri:0, instance:runners.TestRunner@515aebb0]" started-at="2025-06-29T21:31:04 WEST" name="setUpClass" finished-at="2025-06-29T21:31:04 WEST" duration-ms="327" status="PASS">
          <params>
            <param index="0">
              <value>
                <![CDATA[org.testng.TestRunner@35650279]]>
              </value>
            </param>
          </params>
          <reporter-output>
          </reporter-output>
        </test-method> <!-- setUpClass -->
        <test-method signature="runScenario(io.cucumber.testng.PickleWrapper,io.cucumber.testng.FeatureWrapper)[pri:0, instance:runners.TestRunner@515aebb0]" started-at="2025-06-29T21:31:04 WEST" name="runScenario" description="Runs Cucumber Scenarios" data-provider="scenarios" finished-at="2025-06-29T21:31:09 WEST" duration-ms="5574" status="PASS">
          <params>
            <param index="0">
              <value>
                <![CDATA["Verify tax rates are displayed based on selected country"]]>
              </value>
            </param>
            <param index="1">
              <value>
                <![CDATA["VAT Calculator Functionality"]]>
              </value>
            </param>
          </params>
          <reporter-output>
          </reporter-output>
        </test-method> <!-- runScenario -->
        <test-method signature="runScenario(io.cucumber.testng.PickleWrapper,io.cucumber.testng.FeatureWrapper)[pri:0, instance:runners.TestRunner@515aebb0]" started-at="2025-06-29T21:31:09 WEST" name="runScenario" description="Runs Cucumber Scenarios" data-provider="scenarios" finished-at="2025-06-29T21:31:14 WEST" duration-ms="4185" status="PASS">
          <params>
            <param index="0">
              <value>
                <![CDATA["Verify tax rates are displayed based on selected country"]]>
              </value>
            </param>
            <param index="1">
              <value>
                <![CDATA["VAT Calculator Functionality"]]>
              </value>
            </param>
          </params>
          <reporter-output>
          </reporter-output>
        </test-method> <!-- runScenario -->
        <test-method signature="runScenario(io.cucumber.testng.PickleWrapper,io.cucumber.testng.FeatureWrapper)[pri:0, instance:runners.TestRunner@515aebb0]" started-at="2025-06-29T21:31:14 WEST" name="runScenario" description="Runs Cucumber Scenarios" data-provider="scenarios" finished-at="2025-06-29T21:31:18 WEST" duration-ms="4026" status="PASS">
          <params>
            <param index="0">
              <value>
                <![CDATA["Verify tax rates are displayed based on selected country"]]>
              </value>
            </param>
            <param index="1">
              <value>
                <![CDATA["VAT Calculator Functionality"]]>
              </value>
            </param>
          </params>
          <reporter-output>
          </reporter-output>
        </test-method> <!-- runScenario -->
        <test-method signature="runScenario(io.cucumber.testng.PickleWrapper,io.cucumber.testng.FeatureWrapper)[pri:0, instance:runners.TestRunner@515aebb0]" started-at="2025-06-29T21:31:18 WEST" name="runScenario" description="Runs Cucumber Scenarios" data-provider="scenarios" finished-at="2025-06-29T21:31:22 WEST" duration-ms="3869" status="PASS">
          <params>
            <param index="0">
              <value>
                <![CDATA["Calculate VAT amounts when providing net amount"]]>
              </value>
            </param>
            <param index="1">
              <value>
                <![CDATA["VAT Calculator Functionality"]]>
              </value>
            </param>
          </params>
          <reporter-output>
          </reporter-output>
        </test-method> <!-- runScenario -->
        <test-method signature="runScenario(io.cucumber.testng.PickleWrapper,io.cucumber.testng.FeatureWrapper)[pri:0, instance:runners.TestRunner@515aebb0]" started-at="2025-06-29T21:31:22 WEST" name="runScenario" description="Runs Cucumber Scenarios" data-provider="scenarios" finished-at="2025-06-29T21:31:26 WEST" duration-ms="4033" status="PASS">
          <params>
            <param index="0">
              <value>
                <![CDATA["Calculate VAT amounts when providing net amount"]]>
              </value>
            </param>
            <param index="1">
              <value>
                <![CDATA["VAT Calculator Functionality"]]>
              </value>
            </param>
          </params>
          <reporter-output>
          </reporter-output>
        </test-method> <!-- runScenario -->
        <test-method signature="runScenario(io.cucumber.testng.PickleWrapper,io.cucumber.testng.FeatureWrapper)[pri:0, instance:runners.TestRunner@515aebb0]" started-at="2025-06-29T21:31:26 WEST" name="runScenario" description="Runs Cucumber Scenarios" data-provider="scenarios" finished-at="2025-06-29T21:31:29 WEST" duration-ms="3541" status="FAIL">
          <params>
            <param index="0">
              <value>
                <![CDATA["Calculate VAT amounts when providing net amount"]]>
              </value>
            </param>
            <param index="1">
              <value>
                <![CDATA["VAT Calculator Functionality"]]>
              </value>
            </param>
          </params>
          <exception class="org.openqa.selenium.ElementNotInteractableException">
            <message>
              <![CDATA[element not interactable
  (Session info: chrome=138.0.7204.50)
Build info: version: '4.15.0', revision: '1d14b5521b'
System info: os.name: 'Windows 10', os.arch: 'amd64', os.version: '10.0', java.version: '21.0.7'
Driver info: org.openqa.selenium.chrome.ChromeDriver
Command: [ca7f8eba70d79acfbe59a0a809153ff6, sendKeysToElement {id=f.59CE8EA8D4ED62D46BB908B8A2D68978.d.AD2D931F0169395495E384EB7837F628.e.16, value=[Ljava.lang.CharSequence;@65e22def}]
Capabilities {acceptInsecureCerts: false, browserName: chrome, browserVersion: 138.0.7204.50, chrome: {chromedriverVersion: 138.0.7204.49 (d2b48fd5f781..., userDataDir: C:\Users\JaneRose\AppData\L...}, fedcm:accounts: true, goog:chromeOptions: {debuggerAddress: localhost:60822}, networkConnectionEnabled: false, pageLoadStrategy: normal, platformName: windows, proxy: Proxy(), se:cdp: ws://localhost:60822/devtoo..., se:cdpVersion: 138.0.7204.50, setWindowRect: true, strictFileInteractability: false, timeouts: {implicit: 0, pageLoad: 300000, script: 30000}, unhandledPromptBehavior: dismiss and notify, webauthn:extension:credBlob: true, webauthn:extension:largeBlob: true, webauthn:extension:minPinLength: true, webauthn:extension:prf: true, webauthn:virtualAuthenticators: true}
Element: [[ChromeDriver: chrome on windows (ca7f8eba70d79acfbe59a0a809153ff6)] -> id: NetPrice]
Session ID: ca7f8eba70d79acfbe59a0a809153ff6]]>
            </message>
            <full-stacktrace>
              <![CDATA[org.openqa.selenium.ElementNotInteractableException: element not interactable
  (Session info: chrome=138.0.7204.50)
Build info: version: '4.15.0', revision: '1d14b5521b'
System info: os.name: 'Windows 10', os.arch: 'amd64', os.version: '10.0', java.version: '21.0.7'
Driver info: org.openqa.selenium.chrome.ChromeDriver
Command: [ca7f8eba70d79acfbe59a0a809153ff6, sendKeysToElement {id=f.59CE8EA8D4ED62D46BB908B8A2D68978.d.AD2D931F0169395495E384EB7837F628.e.16, value=[Ljava.lang.CharSequence;@65e22def}]
Capabilities {acceptInsecureCerts: false, browserName: chrome, browserVersion: 138.0.7204.50, chrome: {chromedriverVersion: 138.0.7204.49 (d2b48fd5f781..., userDataDir: C:\Users\JaneRose\AppData\L...}, fedcm:accounts: true, goog:chromeOptions: {debuggerAddress: localhost:60822}, networkConnectionEnabled: false, pageLoadStrategy: normal, platformName: windows, proxy: Proxy(), se:cdp: ws://localhost:60822/devtoo..., se:cdpVersion: 138.0.7204.50, setWindowRect: true, strictFileInteractability: false, timeouts: {implicit: 0, pageLoad: 300000, script: 30000}, unhandledPromptBehavior: dismiss and notify, webauthn:extension:credBlob: true, webauthn:extension:largeBlob: true, webauthn:extension:minPinLength: true, webauthn:extension:prf: true, webauthn:virtualAuthenticators: true}
Element: [[ChromeDriver: chrome on windows (ca7f8eba70d79acfbe59a0a809153ff6)] -> id: NetPrice]
Session ID: ca7f8eba70d79acfbe59a0a809153ff6
at java.base/jdk.internal.reflect.DirectConstructorHandleAccessor.newInstance(DirectConstructorHandleAccessor.java:62)
at java.base/java.lang.reflect.Constructor.newInstanceWithCaller(Constructor.java:502)
at java.base/java.lang.reflect.Constructor.newInstance(Constructor.java:486)
at org.openqa.selenium.remote.codec.w3c.W3CHttpResponseCodec.createException(W3CHttpResponseCodec.java:200)
at org.openqa.selenium.remote.codec.w3c.W3CHttpResponseCodec.decode(W3CHttpResponseCodec.java:133)
at org.openqa.selenium.remote.codec.w3c.W3CHttpResponseCodec.decode(W3CHttpResponseCodec.java:52)
at org.openqa.selenium.remote.HttpCommandExecutor.execute(HttpCommandExecutor.java:191)
at org.openqa.selenium.remote.service.DriverCommandExecutor.invokeExecute(DriverCommandExecutor.java:200)
at org.openqa.selenium.remote.service.DriverCommandExecutor.execute(DriverCommandExecutor.java:175)
at org.openqa.selenium.remote.RemoteWebDriver.execute(RemoteWebDriver.java:607)
at org.openqa.selenium.remote.RemoteWebElement.execute(RemoteWebElement.java:224)
at org.openqa.selenium.remote.RemoteWebElement.sendKeys(RemoteWebElement.java:111)
at java.base/jdk.internal.reflect.DirectMethodHandleAccessor.invoke(DirectMethodHandleAccessor.java:103)
at java.base/java.lang.reflect.Method.invoke(Method.java:580)
at org.openqa.selenium.support.pagefactory.internal.LocatingElementHandler.invoke(LocatingElementHandler.java:51)
at jdk.proxy2/jdk.proxy2.$Proxy23.sendKeys(Unknown Source)
at pages.VATCalculatorPage.enterNetAmount(VATCalculatorPage.java:73)
at stepDefinitions.VATCalculatorSteps.userEntersNetAmount(VATCalculatorSteps.java:41)
at ✽.User enters "999999999" as the net amount(file:///C:/Calkoo-VATCalculator-Tests/calkoo-vat-calculator-tests/src/test/resources/features/vatcalculator.feature:20)
]]>
            </full-stacktrace>
          </exception> <!-- org.openqa.selenium.ElementNotInteractableException -->
          <reporter-output>
          </reporter-output>
        </test-method> <!-- runScenario -->
        <test-method signature="runScenario(io.cucumber.testng.PickleWrapper,io.cucumber.testng.FeatureWrapper)[pri:0, instance:runners.TestRunner@515aebb0]" started-at="2025-06-29T21:31:29 WEST" name="runScenario" description="Runs Cucumber Scenarios" data-provider="scenarios" finished-at="2025-06-29T21:31:33 WEST" duration-ms="4236" status="PASS">
          <params>
            <param index="0">
              <value>
                <![CDATA["Calculate VAT amounts when providing net amount"]]>
              </value>
            </param>
            <param index="1">
              <value>
                <![CDATA["VAT Calculator Functionality"]]>
              </value>
            </param>
          </params>
          <reporter-output>
          </reporter-output>
        </test-method> <!-- runScenario -->
        <test-method is-config="true" signature="tearDownClass()[pri:0, instance:runners.TestRunner@515aebb0]" started-at="2025-06-29T21:31:33 WEST" name="tearDownClass" finished-at="2025-06-29T21:31:33 WEST" duration-ms="15" status="PASS">
          <reporter-output>
          </reporter-output>
        </test-method> <!-- tearDownClass -->
      </class> <!-- runners.TestRunner -->
    </test> <!-- VAT Calculator Regression Test Execution -->
  </suite> <!-- VAT Calculator Test Suite -->
</testng-results>
