<?xml version="1.0" encoding="UTF-8"?>
<testng-results ignored="0" total="1" passed="1" failed="0" skipped="0">
  <reporter-output>
  </reporter-output>
  <suite started-at="2025-06-29T21:11:28 WEST" name="VAT Calculator Test Suite" finished-at="2025-06-29T21:11:34 WEST" duration-ms="5665">
    <groups>
      <group name="cucumber">
        <method signature="AbstractTestNGCucumberTests.runScenario(io.cucumber.testng.PickleWrapper,io.cucumber.testng.FeatureWrapper)[pri:0, instance:runners.TestRunner@515aebb0]" name="runScenario" class="io.cucumber.testng.AbstractTestNGCucumberTests"/>
      </group> <!-- cucumber -->
    </groups>
    <test started-at="2025-06-29T21:11:28 WEST" name="VAT Calculator Regression Test Execution" finished-at="2025-06-29T21:11:34 WEST" duration-ms="5665">
      <class name="runners.TestRunner">
        <test-method is-config="true" signature="setUpClass(org.testng.ITestContext)[pri:0, instance:runners.TestRunner@515aebb0]" started-at="2025-06-29T21:11:28 WEST" name="setUpClass" finished-at="2025-06-29T21:11:28 WEST" duration-ms="311" status="PASS">
          <params>
            <param index="0">
              <value>
                <![CDATA[org.testng.TestRunner@1dd7796b]]>
              </value>
            </param>
          </params>
          <reporter-output>
          </reporter-output>
        </test-method> <!-- setUpClass -->
        <test-method signature="runScenario(io.cucumber.testng.PickleWrapper,io.cucumber.testng.FeatureWrapper)[pri:0, instance:runners.TestRunner@515aebb0]" started-at="2025-06-29T21:11:28 WEST" name="runScenario" description="Runs Cucumber Scenarios" data-provider="scenarios" finished-at="2025-06-29T21:11:34 WEST" duration-ms="5310" status="PASS">
          <params>
            <param index="0">
              <value>
                <![CDATA["Verify tax rates are displayed based on selected country"]]>
              </value>
            </param>
            <param index="1">
              <value>
                <![CDATA["VAT Calculator Functionality"]]>
              </value>
            </param>
          </params>
          <reporter-output>
          </reporter-output>
        </test-method> <!-- runScenario -->
        <test-method is-config="true" signature="tearDownClass()[pri:0, instance:runners.TestRunner@515aebb0]" started-at="2025-06-29T21:11:34 WEST" name="tearDownClass" finished-at="2025-06-29T21:11:34 WEST" duration-ms="23" status="PASS">
          <reporter-output>
          </reporter-output>
        </test-method> <!-- tearDownClass -->
      </class> <!-- runners.TestRunner -->
    </test> <!-- VAT Calculator Regression Test Execution -->
  </suite> <!-- VAT Calculator Test Suite -->
</testng-results>
